{
  "stats": {
    "suites": 1,
    "tests": 1,
    "passes": 1,
    "pending": 0,
    "failures": 0,
    "start": "2020-06-28T12:17:57.427Z",
    "end": "2020-06-28T12:18:45.142Z",
    "duration": 47715,
    "testsRegistered": 1,
    "passPercent": 100,
    "pendingPercent": 0,
    "other": 0,
    "hasOther": false,
    "skipped": 0,
    "hasSkipped": false
  },
  "results": [
    {
      "uuid": "fe825e26-7f19-4792-8cc6-62ad31bdb7b9",
      "title": "",
      "fullFile": "cypress\\integration\\examples\\ReportTests\\FlipkartTests.js",
      "file": "cypress\\integration\\examples\\ReportTests\\FlipkartTests.js",
      "beforeHooks": [],
      "afterHooks": [],
      "tests": [],
      "suites": [
        {
          "uuid": "932d9f2c-0554-4ede-ab07-d88e82916685",
          "title": "Expedia Tests",
          "fullFile": "",
          "file": "",
          "beforeHooks": [],
          "afterHooks": [],
          "tests": [
            {
              "title": "Amazon Tests",
              "fullTitle": "Expedia Tests Amazon Tests",
              "timedOut": null,
              "duration": 42333,
              "state": "passed",
              "speed": "slow",
              "pass": true,
              "fail": false,
              "pending": false,
              "context": null,
              "code": "cy.visit('https://www.amazon.in/');\ncy.title().should('contains', 'Amazon.in');\ncy.get('#twotabsearchtextbox').type('Mobile Phones');\ncy.get(\"input[value='Go']\").click();\ncy.get(\"img[alt='CP_Latest_OnePlus8Series']\").should('be.visible');\ncy.get(\"img[alt='CP_Latest_OnePlus8Series']\").click();\ncy.get(\"img[alt='6GB']\").click();\ncy.get('#productTitle').should('be.visible');\ncy.get('#productTitle').contains(\"OnePlus 8 5G (Glacial Green 6GB RAM\");",
              "err": {},
              "uuid": "49ccb0a1-f5e4-4591-a983-93346b1ad954",
              "parentUUID": "932d9f2c-0554-4ede-ab07-d88e82916685",
              "isHook": false,
              "skipped": false
            }
          ],
          "suites": [],
          "passes": [
            "49ccb0a1-f5e4-4591-a983-93346b1ad954"
          ],
          "failures": [],
          "pending": [],
          "skipped": [],
          "duration": 42333,
          "root": false,
          "rootEmpty": false,
          "_timeout": 2000
        }
      ],
      "passes": [],
      "failures": [],
      "pending": [],
      "skipped": [],
      "duration": 0,
      "root": true,
      "rootEmpty": true,
      "_timeout": 2000
    }
  ],
  "meta": {
    "mocha": {
      "version": "7.0.1"
    },
    "mochawesome": {
      "options": {
        "quiet": false,
        "reportFilename": "mochawesome",
        "saveHtml": false,
        "saveJson": true,
        "consoleReporter": "spec",
        "useInlineDiffs": false,
        "code": true
      },
      "version": "6.1.1"
    },
    "marge": {
      "options": {
        "id": "default",
        "reportDir": "cypress/reports/mocha",
        "quite": true,
        "overwrite": false,
        "html": false,
        "json": true
      },
      "version": "5.1.0"
    }
  }
}