{
  "stats": {
    "suites": 2,
    "tests": 3,
    "passes": 3,
    "pending": 0,
    "failures": 0,
    "start": "2020-06-28T12:32:23.717Z",
    "end": "2020-06-28T12:32:23.717Z",
    "duration": 100891,
    "testsRegistered": 3,
    "passPercent": 100,
    "pendingPercent": 0,
    "other": 0,
    "hasOther": false,
    "skipped": 0,
    "hasSkipped": false
  },
  "results": [
    {
      "uuid": "2d3d3799-c1a2-4ff9-a822-3c9d66871207",
      "title": "",
      "fullFile": "cypress\\integration\\examples\\ReportTests\\Mouseactions.js",
      "file": "cypress\\integration\\examples\\ReportTests\\Mouseactions.js",
      "beforeHooks": [],
      "afterHooks": [],
      "tests": [],
      "suites": [
        {
          "uuid": "abec06e0-2306-4ae2-9603-b4103c278636",
          "title": "Mouse actions using Trigger",
          "fullFile": "",
          "file": "",
          "beforeHooks": [],
          "afterHooks": [],
          "tests": [
            {
              "title": "MemberLogin using mousehover",
              "fullTitle": "Mouse actions using Trigger MemberLogin using mousehover",
              "timedOut": null,
              "duration": 38665,
              "state": "passed",
              "speed": "slow",
              "pass": true,
              "fail": false,
              "pending": false,
              "context": null,
              "code": "cy.visit('https://www.spicejet.com/');\ncy.get('#ctl00_HyperLinkLogin').trigger('mouseover');\ncy.contains('SpiceClub Members').trigger('mouseover');\ncy.contains('Member Login').click({\n  force: true\n});\ncy.get('.signup-link.buttonN').should('be.visible').click();",
              "err": {},
              "uuid": "7ac21cc2-0931-4ebd-b41e-652ec88fd094",
              "parentUUID": "abec06e0-2306-4ae2-9603-b4103c278636",
              "isHook": false,
              "skipped": false
            },
            {
              "title": "SignUp using mousehover",
              "fullTitle": "Mouse actions using Trigger SignUp using mousehover",
              "timedOut": null,
              "duration": 19893,
              "state": "passed",
              "speed": "slow",
              "pass": true,
              "fail": false,
              "pending": false,
              "context": null,
              "code": "cy.visit('https://www.spicejet.com/');\ncy.get('#ctl00_HyperLinkLogin').should('be.visible').trigger('mouseover');\ncy.contains('SpiceClub Members').trigger('mouseover');\ncy.contains('Sign up').invoke('show').click();\ncy.wait(3000);",
              "err": {},
              "uuid": "816d2381-ab98-4bae-9dcb-18290b2ad872",
              "parentUUID": "abec06e0-2306-4ae2-9603-b4103c278636",
              "isHook": false,
              "skipped": false
            }
          ],
          "suites": [],
          "passes": [
            "7ac21cc2-0931-4ebd-b41e-652ec88fd094",
            "816d2381-ab98-4bae-9dcb-18290b2ad872"
          ],
          "failures": [],
          "pending": [],
          "skipped": [],
          "duration": 58558,
          "root": false,
          "rootEmpty": false,
          "_timeout": 2000
        }
      ],
      "passes": [],
      "failures": [],
      "pending": [],
      "skipped": [],
      "duration": 0,
      "root": true,
      "rootEmpty": true,
      "_timeout": 2000
    },
    {
      "uuid": "fe825e26-7f19-4792-8cc6-62ad31bdb7b9",
      "title": "",
      "fullFile": "cypress\\integration\\examples\\ReportTests\\FlipkartTests.js",
      "file": "cypress\\integration\\examples\\ReportTests\\FlipkartTests.js",
      "beforeHooks": [],
      "afterHooks": [],
      "tests": [],
      "suites": [
        {
          "uuid": "932d9f2c-0554-4ede-ab07-d88e82916685",
          "title": "Expedia Tests",
          "fullFile": "",
          "file": "",
          "beforeHooks": [],
          "afterHooks": [],
          "tests": [
            {
              "title": "Amazon Tests",
              "fullTitle": "Expedia Tests Amazon Tests",
              "timedOut": null,
              "duration": 42333,
              "state": "passed",
              "speed": "slow",
              "pass": true,
              "fail": false,
              "pending": false,
              "context": null,
              "code": "cy.visit('https://www.amazon.in/');\ncy.title().should('contains', 'Amazon.in');\ncy.get('#twotabsearchtextbox').type('Mobile Phones');\ncy.get(\"input[value='Go']\").click();\ncy.get(\"img[alt='CP_Latest_OnePlus8Series']\").should('be.visible');\ncy.get(\"img[alt='CP_Latest_OnePlus8Series']\").click();\ncy.get(\"img[alt='6GB']\").click();\ncy.get('#productTitle').should('be.visible');\ncy.get('#productTitle').contains(\"OnePlus 8 5G (Glacial Green 6GB RAM\");",
              "err": {},
              "uuid": "49ccb0a1-f5e4-4591-a983-93346b1ad954",
              "parentUUID": "932d9f2c-0554-4ede-ab07-d88e82916685",
              "isHook": false,
              "skipped": false
            }
          ],
          "suites": [],
          "passes": [
            "49ccb0a1-f5e4-4591-a983-93346b1ad954"
          ],
          "failures": [],
          "pending": [],
          "skipped": [],
          "duration": 42333,
          "root": false,
          "rootEmpty": false,
          "_timeout": 2000
        }
      ],
      "passes": [],
      "failures": [],
      "pending": [],
      "skipped": [],
      "duration": 0,
      "root": true,
      "rootEmpty": true,
      "_timeout": 2000
    }
  ],
  "meta": {
    "mocha": {
      "version": "7.0.1"
    },
    "mochawesome": {
      "options": {
        "quiet": false,
        "reportFilename": "mochawesome",
        "saveHtml": false,
        "saveJson": true,
        "consoleReporter": "spec",
        "useInlineDiffs": false,
        "code": true
      },
      "version": "6.1.1"
    },
    "marge": {
      "options": {
        "id": "default",
        "reportDir": "cypress/reports/mocha",
        "quite": true,
        "overwrite": false,
        "html": false,
        "json": true
      },
      "version": "5.1.0"
    }
  }
}